<?xml version="1.0" encoding="UTF-8"?>
<testng-results ignored="0" total="1" passed="1" failed="0" skipped="0">
  <reporter-output>
  </reporter-output>
  <suite started-at="2025-11-24T12:41:00 IST" name="Default suite" finished-at="2025-11-24T12:41:34 IST" duration-ms="34355">
    <groups>
    </groups>
    <test started-at="2025-11-24T12:41:00 IST" name="Default test" finished-at="2025-11-24T12:41:34 IST" duration-ms="34355">
      <class name="com.ssk.orangehrm.tests.LeaveTests">
        <test-method is-config="true" signature="setup()[pri:0, instance:com.ssk.orangehrm.tests.LeaveTests@702657cc]" started-at="2025-11-24T12:41:00 IST" name="setup" finished-at="2025-11-24T12:41:03 IST" duration-ms="2779" status="PASS">
          <reporter-output>
          </reporter-output>
        </test-method> <!-- setup -->
        <test-method signature="applyLeaveTest()[pri:1, instance:com.ssk.orangehrm.tests.LeaveTests@702657cc]" started-at="2025-11-24T12:41:03 IST" name="applyLeaveTest" description="Verify employee can apply for leave" finished-at="2025-11-24T12:41:34 IST" duration-ms="30967" status="PASS">
          <reporter-output>
          </reporter-output>
        </test-method> <!-- applyLeaveTest -->
        <test-method is-config="true" signature="tearDown()[pri:0, instance:com.ssk.orangehrm.tests.LeaveTests@702657cc]" started-at="2025-11-24T12:41:34 IST" name="tearDown" finished-at="2025-11-24T12:41:34 IST" duration-ms="535" status="PASS">
          <reporter-output>
          </reporter-output>
        </test-method> <!-- tearDown -->
      </class> <!-- com.ssk.orangehrm.tests.LeaveTests -->
    </test> <!-- Default test -->
  </suite> <!-- Default suite -->
</testng-results>
