<?xml version="1.0" encoding="UTF-8"?>
<!-- Generated by org.testng.reporters.JUnitReportReporter -->
<testsuite hostname="DESKTOP-6" failures="0" tests="2" name="com.ssk.orangehrm.tests.PIMTests" time="34.872" errors="0" timestamp="2025-11-24T10:53:40 IST" skipped="0">
  <testcase classname="com.ssk.orangehrm.tests.PIMTests" name="addEmployeeTest" time="22.697"/>
  <testcase classname="com.ssk.orangehrm.tests.PIMTests" name="searchEmployeeTest" time="12.175"/>
</testsuite> <!-- com.ssk.orangehrm.tests.PIMTests -->
