<?xml version="1.0" encoding="UTF-8"?>
<!-- Generated by org.testng.reporters.JUnitReportReporter -->
<testsuite hostname="DESKTOP-6" failures="0" tests="2" name="com.ssk.orangehrm.tests.AdminUserTests" time="36.587" errors="0" timestamp="2025-11-24T10:40:25 IST" skipped="0">
  <testcase classname="com.ssk.orangehrm.tests.AdminUserTests" name="testAddUser" time="25.844"/>
  <testcase classname="com.ssk.orangehrm.tests.AdminUserTests" name="testSearchUser" time="10.743"/>
</testsuite> <!-- com.ssk.orangehrm.tests.AdminUserTests -->
