<?xml version="1.0" encoding="UTF-8"?>
<!-- Generated by org.testng.reporters.JUnitReportReporter -->
<testsuite hostname="DESKTOP-6" failures="0" tests="2" name="com.ssk.orangehrm.tests.LoginTests" time="24.296" errors="0" timestamp="2025-11-17T12:25:00 IST" skipped="0">
  <testcase classname="com.ssk.orangehrm.tests.LoginTests" name="validLoginTest" time="15.269"/>
  <testcase classname="com.ssk.orangehrm.tests.LoginTests" name="invalidLoginTest" time="9.027"/>
</testsuite> <!-- com.ssk.orangehrm.tests.LoginTests -->
