<?xml version="1.0" encoding="UTF-8"?>
<!-- Generated by org.testng.reporters.JUnitReportReporter -->
<testsuite hostname="DESKTOP-6" failures="0" tests="2" name="com.ssk.orangehrm.tests.LoginTests" time="32.331" errors="0" timestamp="2025-11-22T10:01:13 IST" skipped="0">
  <testcase classname="com.ssk.orangehrm.tests.LoginTests" name="validLoginTest" time="9.322"/>
  <testcase classname="com.ssk.orangehrm.tests.LoginTests" name="invalidLoginTest" time="23.009"/>
</testsuite> <!-- com.ssk.orangehrm.tests.LoginTests -->
